<?xml version="1.0" encoding="UTF-8"?>
<testsuite name="The user enters the online page" tests="1" skipped="0" failures="0" errors="0" timestamp="2023-09-27T13:51:20" hostname="LAPTOP-ISHB1AIA" time="81.776">
  <properties/>
  <testcase name="User selects a random product" classname="The user enters the online page" time="81.776"/>
  <system-out><![CDATA[Cabecero Entero Tatooine Cama Doble 140 X 120 Café
Cabecero Doble Linea Vertical Dormipuff
Cabecero Entero Pegassi Cama Doble 140 X 120 Blanco
Cabecero Industrial Caramelo Para Cama 160 X 190
Cabecero Flotante Pegassi Cama Doble 140 X 60 Café
]]></system-out>
  <system-err><![CDATA[[Test worker] INFO io.cucumber.core.plugin.SerenityReporter - Running feature from file:///C:/Users/camir/OneDrive/Documentos/ChoucairWebTest/src/test/resources/features/selectProduct.feature
[Test worker] INFO  - 
  _____   ___   ___   _____     ___   _____     _     ___   _____   ___   ___  
 |_   _| | __| / __| |_   _|   / __| |_   _|   /_\   | _ \ |_   _| | __| |   \ 
   | |   | _|  \__ \   | |     \__ \   | |    / _ \  |   /   | |   | _|  | |) |
   |_|   |___| |___/   |_|     |___/   |_|   /_/ \_\ |_|_\   |_|   |___| |___/ 

User selects a random product(the-user-enters-the-online-page;user-selects-a-random-product)
--------------------------------------------------------------------------------
[Test worker] INFO io.github.bonigarcia.wdm.WebDriverManager - Using chromedriver 117.0.5938.92 (resolved driver for Chrome 117)
[Test worker] INFO io.github.bonigarcia.wdm.WebDriverManager - Exporting webdriver.chrome.driver as C:\Users\camir\.cache\selenium\chromedriver\win64\117.0.5938.92\chromedriver.exe
Starting ChromeDriver 117.0.5938.92 (67649b10b92bb182fba357831ef7dd6a1baa5648-refs/branch-heads/5938_62@{#14}) on port 12996
Only local connections are allowed.
Please see https://chromedriver.chromium.org/security-considerations for suggestions on keeping ChromeDriver safe.
ChromeDriver was started successfully.
Sep 27, 2023 8:51:22 AM org.openqa.selenium.remote.ProtocolHandshake createSession
INFO: Detected dialect: W3C
[Test worker] INFO  - 
  _____   ___   ___   _____     ___     _     ___   ___   ___   ___  
 |_   _| | __| / __| |_   _|   | _ \   /_\   / __| / __| | __| |   \ 
   | |   | _|  \__ \   | |     |  _/  / _ \  \__ \ \__ \ | _|  | |) |
   |_|   |___| |___/   |_|     |_|   /_/ \_\ |___/ |___/ |___| |___/ 

User selects a random product
----------------------------------------------------------------------
]]></system-err>
</testsuite>
